[2K[1A[2K[G

 â”Œâ”€â”€â”€â”€â”€â”€â”€â”€â”€â”€â”€â”€â”€â”€â”€â”€â”€â”€â”€â”€â”€â”€â”€â”€â”€â”€â”€â”€â”€â”€â”€â”€â”€â”€â”€â”€â”€â”€â”€â”€â”€â”€â”€â”€â”€â”€â”€â”€â”€â”€â”€â”€â”€â”€â”€â”€â”€â”€â”€â”€â”€â”€â”€â”€â”€â”€â”€â”€â”€â”€â”€â”€â”€â”€â”€â”€â”

 â”‚ ðŸ’­ Reasoning                                                               â”‚

 â”‚                                                                            â”‚

 â”‚ The user wants me to analyze the current state of a three-agent system     â”‚

 â”‚ that has completed a sprint. I need to read and summarize 9 specific files â”‚

 â”‚  to understand what has been accomplished.                                 â”‚

 â”‚                                                                            â”‚

 â”‚ Let me start by reading the files they mentioned. I'll read them one at a  â”‚

 â”‚ time, up to 5 files per request according to the tool limits. Let me start â”‚

 â”‚  with the first batch of files.                                            â”‚

 â”‚                                                                            â”‚

 â”‚ Files to read:                                                             â”‚

 â”‚                                                                            â”‚

 â”‚                                                                            â”‚

 â”‚     * REQ_REGISTER.md - requirements register status                       â”‚

 â”‚     * TRACE_MATRIX.md - traceability matrix showing requirement coverage   â”‚

 â”‚     * TODO_DESIGN.md - design work queue status                            â”‚

 â”‚     * TODO_VERIFY.md - verification work queue status                      â”‚

 â”‚     * REQUIREMENTS.md - original user requirements                         â”‚

 â”‚     * .sprint_complete - sprint completion summary if it has content       â”‚

 â”‚     * AGENTS3_SPECIFICATION_COMPLIANCE_REPORT.md - compliance report       â”‚

 â”‚     * DECISIONS.md - architectural decisions made                          â”‚

 â”‚     * FINDINGS.md - any findings logged true                               â”‚

 â”‚                                                                            â”‚

 â”‚ I'll start with the first 5 files, then read the remaining 4.              â”‚

 â””â”€â”€â”€â”€â”€â”€â”€â”€â”€â”€â”€â”€â”€â”€â”€â”€â”€â”€â”€â”€â”€â”€â”€â”€â”€â”€â”€â”€â”€â”€â”€â”€â”€â”€â”€â”€â”€â”€â”€â”€â”€â”€â”€â”€â”€â”€â”€â”€â”€â”€â”€â”€â”€â”€â”€â”€â”€â”€â”€â”€â”€â”€â”€â”€â”€â”€â”€â”€â”€â”€â”€â”€â”€â”€â”€â”€â”˜





[2K[1A[2K[G > I'll analyze the three-agent system by reading the key files you specified.

   Let me start by reading the first batch of files.





